<?xml version="1.0" encoding="UTF-8"?>
<!-- Generated by org.testng.reporters.JUnitXMLReporter -->
<testsuite ignored="4" hostname="LAPTOP-ATK0T12F" failures="0" tests="2" name="Test" time="62.512" errors="0" timestamp="2024-05-27T09:14:22 IST">
  <testcase classname="TestNGFashion.KalKi" name="Abhiabhi" time="52.378"/>
  <testcase classname="TestNGTravel.MakeMyTrip" name="MMT" time="62.403"/>
  <testcase classname="TestNGFashion.AjioShop" name="Ajio" time="0.0">
    <ignored/>
  </testcase> <!-- Ajio -->
  <testcase classname="TestNGTravel.AbhiBus" name="Abhiabhi" time="0.0">
    <ignored/>
  </testcase> <!-- Abhiabhi -->
  <testcase classname="TestNGTravel.RedBus" name="redBus" time="0.0">
    <ignored/>
  </testcase> <!-- redBus -->
  <testcase classname="TestNGFashion.DemoWebShop" name="DWS" time="0.0">
    <ignored/>
  </testcase> <!-- DWS -->
</testsuite> <!-- Test -->
