<?xml version="1.0" encoding="UTF-8"?>
<!-- Generated by org.testng.reporters.JUnitXMLReporter -->
<testsuite ignored="4" hostname="LAPTOP-ATK0T12F" failures="0" tests="2" name="Test2" time="12.697" errors="0" timestamp="2024-05-27T09:54:58 IST">
  <testcase classname="TestNGTravel.MakeMyTrip" name="MMT" time="11.584"/>
  <testcase classname="TestNGFashion.KalKi" name="Abhiabhi" time="12.676"/>
  <testcase classname="TestNGTravel.RedBus" name="redBus" time="0.0">
    <ignored/>
  </testcase> <!-- redBus -->
  <testcase classname="TestNGFashion.AjioShop" name="Ajio" time="0.0">
    <ignored/>
  </testcase> <!-- Ajio -->
  <testcase classname="TestNGFashion.DemoWebShop" name="DWS" time="0.0">
    <ignored/>
  </testcase> <!-- DWS -->
  <testcase classname="TestNGTravel.AbhiBus" name="Abhiabhi" time="0.0">
    <ignored/>
  </testcase> <!-- Abhiabhi -->
</testsuite> <!-- Test2 -->
